This is pdfTeX, Version 3.1415926-2.5-1.40.14 (TeX Live 2013/Debian) (format=pdflatex 2014.12.14)  14 DEC 2014 21:22
entering extended mode
 restricted \write18 enabled.
 %&-line parsing enabled.
**paper/draft-1.tex
(./paper/draft-1.tex
LaTeX2e <2011/06/27>
Babel <3.9h> and hyphenation patterns for 78 languages loaded.
)
*
(Please type a command or say `\end')
*\end

*'\end'

! LaTeX Error: \begin{document} ended by \end{'}.

See the LaTeX manual or LaTeX Companion for explanation.
Type  H <return>  for immediate help.
 ...                                              
                                                  
<*> '
     \end'
? 
! Interruption.
\GenericError  ...                                
                                                  \endgroup 
<*> '
     \end'
? clar
Type <return> to proceed, S to scroll future error messages,
R to run without stopping, Q to run quietly,
I to insert something, 
H for help, X to quit.
? X
 
Here is how much of TeX's memory you used:
 7 strings out of 493304
 155 string characters out of 6139870
 51880 words of memory out of 5000000
 3565 multiletter control sequences out of 15000+600000
 3640 words of font info for 14 fonts, out of 8000000 for 9000
 957 hyphenation exceptions out of 8191
 5i,0n,6p,13b,14s stack positions out of 5000i,500n,10000p,200000b,80000s
No pages of output.
PDF statistics:
 0 PDF objects out of 1000 (max. 8388607)
 0 named destinations out of 1000 (max. 500000)
 1 words of extra memory for PDF output out of 10000 (max. 10000000)

